build/app/intermediates/manifest_merge_blame_file/stagingRelease/manifest-merger-blame-staging-release-report.txt
1<?xml version="1.0" encoding="utf-8"?>
2<manifest xmlns:android="http://schemas.android.com/apk/res/android"
3    package="com.sphinx.p2p.borrower.p2p_borrower.staging"
4    android:versionCode="1"
5    android:versionName="1.0-staging" >
6
7    <uses-sdk
8        android:minSdkVersion="16"
8-->src\main\AndroidManifest.xml
9        android:targetSdkVersion="30" />
9-->src\main\AndroidManifest.xml
10
11    <uses-permission android:name="android.permission.INTERNET" />
11-->src\main\AndroidManifest.xml:4:5-67
11-->src\main\AndroidManifest.xml:4:22-64
12    <uses-permission android:name="android.permission.ACCESS_NETWORK_STATE" />
12-->[:firebase_analytics] AndroidManifest.xml:7:5-79
12-->[:firebase_analytics] AndroidManifest.xml:7:22-76
13    <uses-permission android:name="android.permission.WAKE_LOCK" />
13-->[:firebase_analytics] AndroidManifest.xml:9:5-68
13-->[:firebase_analytics] AndroidManifest.xml:9:22-65
14    <uses-permission android:name="android.permission.RECEIVE_BOOT_COMPLETED" />
14-->[:flutter_local_notifications] AndroidManifest.xml:7:5-81
14-->[:flutter_local_notifications] AndroidManifest.xml:7:22-78
15    <uses-permission android:name="android.permission.VIBRATE" />
15-->[:flutter_local_notifications] AndroidManifest.xml:8:5-66
15-->[:flutter_local_notifications] AndroidManifest.xml:8:22-63
16    <uses-permission android:name="android.permission.USE_FULL_SCREEN_INTENT" /> <!-- Required by older versions of Google Play services to create IID tokens -->
16-->[:flutter_local_notifications] AndroidManifest.xml:9:5-81
16-->[:flutter_local_notifications] AndroidManifest.xml:9:22-78
17    <uses-permission android:name="com.google.android.c2dm.permission.RECEIVE" />
17-->[com.google.firebase:firebase-messaging:22.0.0] AndroidManifest.xml:25:5-82
17-->[com.google.firebase:firebase-messaging:22.0.0] AndroidManifest.xml:25:22-79
18    <uses-permission android:name="com.google.android.finsky.permission.BIND_GET_INSTALL_REFERRER_SERVICE" />
18-->[com.google.android.gms:play-services-measurement:19.0.0] AndroidManifest.xml:26:5-110
18-->[com.google.android.gms:play-services-measurement:19.0.0] AndroidManifest.xml:26:22-107
19
20    <application
20-->src\main\AndroidManifest.xml:6:5-46:19
21        android:appComponentFactory="androidx.core.app.CoreComponentFactory"
21-->[androidx.core:core:1.3.0] AndroidManifest.xml:24:18-86
22        android:icon="@mipmap/ic_launcher"
22-->src\main\AndroidManifest.xml:7:9-43
23        android:label="@string/app_name" >
23-->src\main\AndroidManifest.xml:8:9-41
24        <activity
24-->src\main\AndroidManifest.xml:9:9-40:20
25            android:name="com.sphinx.p2p.borrower.p2p_borrower.MainActivity"
25-->src\main\AndroidManifest.xml:10:13-41
26            android:configChanges="orientation|keyboardHidden|keyboard|screenSize|smallestScreenSize|locale|layoutDirection|fontScale|screenLayout|density|uiMode"
26-->src\main\AndroidManifest.xml:11:13-163
27            android:hardwareAccelerated="true"
27-->src\main\AndroidManifest.xml:12:13-47
28            android:launchMode="singleTop"
28-->src\main\AndroidManifest.xml:13:13-43
29            android:theme="@style/LaunchTheme"
29-->src\main\AndroidManifest.xml:14:13-47
30            android:windowSoftInputMode="adjustResize" >
30-->src\main\AndroidManifest.xml:15:13-55
31
32            <!--
33                 Specifies an Android theme to apply to this Activity as soon as
34                 the Android process has started. This theme is visible to the user
35                 while the Flutter UI initializes. After that, this theme continues
36                 to determine the Window background behind the Flutter UI.
37            -->
38            <meta-data
38-->src\main\AndroidManifest.xml:20:13-22:57
39                android:name="io.flutter.embedding.android.NormalTheme"
39-->src\main\AndroidManifest.xml:21:17-72
40                android:resource="@style/NormalTheme" />
40-->src\main\AndroidManifest.xml:22:17-54
41            <!--
42                 Displays an Android View that continues showing the launch screen
43                 Drawable until Flutter paints its first frame, then this splash
44                 screen fades out. A splash screen is useful to avoid any visual
45                 gap between the end of Android's launch screen and the painting of
46                 Flutter's first frame.
47            -->
48            <meta-data
48-->src\main\AndroidManifest.xml:28:13-30:66
49                android:name="io.flutter.embedding.android.SplashScreenDrawable"
49-->src\main\AndroidManifest.xml:29:17-81
50                android:resource="@drawable/launch_background" />
50-->src\main\AndroidManifest.xml:30:17-63
51
52            <intent-filter>
52-->src\main\AndroidManifest.xml:32:13-35:29
53                <action android:name="android.intent.action.MAIN" />
53-->src\main\AndroidManifest.xml:33:17-69
53-->src\main\AndroidManifest.xml:33:25-66
54
55                <category android:name="android.intent.category.LAUNCHER" />
55-->src\main\AndroidManifest.xml:34:17-77
55-->src\main\AndroidManifest.xml:34:27-74
56            </intent-filter>
57            <intent-filter>
57-->src\main\AndroidManifest.xml:36:13-39:29
58                <action android:name="FLUTTER_NOTIFICATION_CLICK" />
58-->src\main\AndroidManifest.xml:37:17-69
58-->src\main\AndroidManifest.xml:37:25-66
59
60                <category android:name="android.intent.category.DEFAULT" />
60-->src\main\AndroidManifest.xml:38:17-76
60-->src\main\AndroidManifest.xml:38:27-73
61            </intent-filter>
62        </activity>
63        <!--
64             Don't delete the meta-data below.
65             This is used by the Flutter tool to generate GeneratedPluginRegistrant.java
66        -->
67        <meta-data
67-->src\main\AndroidManifest.xml:43:9-45:33
68            android:name="flutterEmbedding"
68-->src\main\AndroidManifest.xml:44:13-44
69            android:value="2" />
69-->src\main\AndroidManifest.xml:45:13-30
70
71        <service
71-->[:firebase_analytics] AndroidManifest.xml:12:9-16:19
72            android:name="com.google.firebase.components.ComponentDiscoveryService"
72-->[:firebase_analytics] AndroidManifest.xml:12:18-89
73            android:directBootAware="true"
73-->[com.google.firebase:firebase-common:20.0.0] AndroidManifest.xml:35:13-43
74            android:exported="false" >
74-->[com.google.firebase:firebase-messaging:22.0.0] AndroidManifest.xml:51:13-37
75            <meta-data
75-->[:firebase_analytics] AndroidManifest.xml:13:13-15:85
76                android:name="com.google.firebase.components:io.flutter.plugins.firebaseanalytics.FlutterFirebaseAppRegistrar"
76-->[:firebase_analytics] AndroidManifest.xml:14:17-127
77                android:value="com.google.firebase.components.ComponentRegistrar" />
77-->[:firebase_analytics] AndroidManifest.xml:15:17-82
78            <meta-data
78-->[:firebase_messaging] AndroidManifest.xml:34:13-36:85
79                android:name="com.google.firebase.components:io.flutter.plugins.firebase.messaging.FlutterFirebaseAppRegistrar"
79-->[:firebase_messaging] AndroidManifest.xml:35:17-128
80                android:value="com.google.firebase.components.ComponentRegistrar" />
80-->[:firebase_messaging] AndroidManifest.xml:36:17-82
81            <meta-data
81-->[:firebase_core] AndroidManifest.xml:9:13-11:85
82                android:name="com.google.firebase.components:io.flutter.plugins.firebase.core.FlutterFirebaseCoreRegistrar"
82-->[:firebase_core] AndroidManifest.xml:10:17-124
83                android:value="com.google.firebase.components.ComponentRegistrar" />
83-->[:firebase_core] AndroidManifest.xml:11:17-82
84            <meta-data
84-->[com.google.firebase:firebase-messaging:22.0.0] AndroidManifest.xml:52:13-54:85
85                android:name="com.google.firebase.components:com.google.firebase.messaging.FirebaseMessagingRegistrar"
85-->[com.google.firebase:firebase-messaging:22.0.0] AndroidManifest.xml:53:17-119
86                android:value="com.google.firebase.components.ComponentRegistrar" />
86-->[com.google.firebase:firebase-messaging:22.0.0] AndroidManifest.xml:54:17-82
87            <meta-data
87-->[com.google.android.gms:play-services-measurement-api:19.0.0] AndroidManifest.xml:30:13-32:85
88                android:name="com.google.firebase.components:com.google.firebase.analytics.connector.internal.AnalyticsConnectorRegistrar"
88-->[com.google.android.gms:play-services-measurement-api:19.0.0] AndroidManifest.xml:31:17-139
89                android:value="com.google.firebase.components.ComponentRegistrar" />
89-->[com.google.android.gms:play-services-measurement-api:19.0.0] AndroidManifest.xml:32:17-82
90            <meta-data
90-->[com.google.firebase:firebase-datatransport:18.0.0] AndroidManifest.xml:28:13-30:85
91                android:name="com.google.firebase.components:com.google.firebase.datatransport.TransportRegistrar"
91-->[com.google.firebase:firebase-datatransport:18.0.0] AndroidManifest.xml:29:17-115
92                android:value="com.google.firebase.components.ComponentRegistrar" />
92-->[com.google.firebase:firebase-datatransport:18.0.0] AndroidManifest.xml:30:17-82
93            <meta-data
93-->[com.google.firebase:firebase-installations:17.0.0] AndroidManifest.xml:18:13-20:85
94                android:name="com.google.firebase.components:com.google.firebase.installations.FirebaseInstallationsRegistrar"
94-->[com.google.firebase:firebase-installations:17.0.0] AndroidManifest.xml:19:17-127
95                android:value="com.google.firebase.components.ComponentRegistrar" />
95-->[com.google.firebase:firebase-installations:17.0.0] AndroidManifest.xml:20:17-82
96        </service>
97        <service
97-->[:firebase_messaging] AndroidManifest.xml:12:9-15:72
98            android:name="io.flutter.plugins.firebase.messaging.FlutterFirebaseMessagingBackgroundService"
98-->[:firebase_messaging] AndroidManifest.xml:13:13-107
99            android:exported="false"
99-->[:firebase_messaging] AndroidManifest.xml:14:13-37
100            android:permission="android.permission.BIND_JOB_SERVICE" />
100-->[:firebase_messaging] AndroidManifest.xml:15:13-69
101        <service
101-->[:firebase_messaging] AndroidManifest.xml:16:9-22:19
102            android:name="io.flutter.plugins.firebase.messaging.FlutterFirebaseMessagingService"
102-->[:firebase_messaging] AndroidManifest.xml:17:13-97
103            android:exported="false" >
103-->[:firebase_messaging] AndroidManifest.xml:18:13-37
104            <intent-filter>
104-->[:firebase_messaging] AndroidManifest.xml:19:13-21:29
105                <action android:name="com.google.firebase.MESSAGING_EVENT" />
105-->[:firebase_messaging] AndroidManifest.xml:20:17-78
105-->[:firebase_messaging] AndroidManifest.xml:20:25-75
106            </intent-filter>
107        </service>
108
109        <receiver
109-->[:firebase_messaging] AndroidManifest.xml:24:9-31:20
110            android:name="io.flutter.plugins.firebase.messaging.FlutterFirebaseMessagingReceiver"
110-->[:firebase_messaging] AndroidManifest.xml:25:13-98
111            android:exported="true"
111-->[:firebase_messaging] AndroidManifest.xml:26:13-36
112            android:permission="com.google.android.c2dm.permission.SEND" >
112-->[:firebase_messaging] AndroidManifest.xml:27:13-73
113            <intent-filter>
113-->[:firebase_messaging] AndroidManifest.xml:28:13-30:29
114                <action android:name="com.google.android.c2dm.intent.RECEIVE" />
114-->[:firebase_messaging] AndroidManifest.xml:29:17-81
114-->[:firebase_messaging] AndroidManifest.xml:29:25-78
115            </intent-filter>
116        </receiver>
117
118        <provider
118-->[:firebase_messaging] AndroidManifest.xml:39:9-43:38
119            android:name="io.flutter.plugins.firebase.messaging.FlutterFirebaseMessagingInitProvider"
119-->[:firebase_messaging] AndroidManifest.xml:40:13-102
120            android:authorities="com.sphinx.p2p.borrower.p2p_borrower.staging.flutterfirebasemessaginginitprovider"
120-->[:firebase_messaging] AndroidManifest.xml:41:13-88
121            android:exported="false"
121-->[:firebase_messaging] AndroidManifest.xml:42:13-37
122            android:initOrder="99" />
122-->[:firebase_messaging] AndroidManifest.xml:43:13-35
123        <provider
123-->[:image_picker] AndroidManifest.xml:8:9-16:20
124            android:name="io.flutter.plugins.imagepicker.ImagePickerFileProvider"
124-->[:image_picker] AndroidManifest.xml:9:13-82
125            android:authorities="com.sphinx.p2p.borrower.p2p_borrower.staging.flutter.image_provider"
125-->[:image_picker] AndroidManifest.xml:10:13-74
126            android:exported="false"
126-->[:image_picker] AndroidManifest.xml:11:13-37
127            android:grantUriPermissions="true" >
127-->[:image_picker] AndroidManifest.xml:12:13-47
128            <meta-data
128-->[:image_picker] AndroidManifest.xml:13:13-15:75
129                android:name="android.support.FILE_PROVIDER_PATHS"
129-->[:image_picker] AndroidManifest.xml:14:17-67
130                android:resource="@xml/flutter_image_picker_file_paths" />
130-->[:image_picker] AndroidManifest.xml:15:17-72
131        </provider>
132
133        <receiver android:name="com.dexterous.flutterlocalnotifications.ScheduledNotificationReceiver" />
133-->[:flutter_local_notifications] AndroidManifest.xml:12:9-106
133-->[:flutter_local_notifications] AndroidManifest.xml:12:19-103
134        <receiver android:name="com.dexterous.flutterlocalnotifications.ScheduledNotificationBootReceiver" >
134-->[:flutter_local_notifications] AndroidManifest.xml:13:9-20:20
134-->[:flutter_local_notifications] AndroidManifest.xml:13:19-107
135            <intent-filter>
135-->[:flutter_local_notifications] AndroidManifest.xml:14:13-19:29
136                <action android:name="android.intent.action.BOOT_COMPLETED" />
136-->[:flutter_local_notifications] AndroidManifest.xml:15:17-79
136-->[:flutter_local_notifications] AndroidManifest.xml:15:25-76
137                <action android:name="android.intent.action.MY_PACKAGE_REPLACED" />
137-->[:flutter_local_notifications] AndroidManifest.xml:16:17-84
137-->[:flutter_local_notifications] AndroidManifest.xml:16:25-81
138                <action android:name="android.intent.action.QUICKBOOT_POWERON" />
138-->[:flutter_local_notifications] AndroidManifest.xml:17:17-82
138-->[:flutter_local_notifications] AndroidManifest.xml:17:25-79
139                <action android:name="com.htc.intent.action.QUICKBOOT_POWERON" />
139-->[:flutter_local_notifications] AndroidManifest.xml:18:17-82
139-->[:flutter_local_notifications] AndroidManifest.xml:18:25-79
140            </intent-filter>
141        </receiver>
142
143        <activity
143-->[:url_launcher] AndroidManifest.xml:8:9-11:74
144            android:name="io.flutter.plugins.urllauncher.WebViewActivity"
144-->[:url_launcher] AndroidManifest.xml:9:13-74
145            android:exported="false"
145-->[:url_launcher] AndroidManifest.xml:10:13-37
146            android:theme="@android:style/Theme.NoTitleBar.Fullscreen" />
146-->[:url_launcher] AndroidManifest.xml:11:13-71
147
148        <receiver
148-->[com.google.firebase:firebase-messaging:22.0.0] AndroidManifest.xml:28:9-35:20
149            android:name="com.google.firebase.iid.FirebaseInstanceIdReceiver"
149-->[com.google.firebase:firebase-messaging:22.0.0] AndroidManifest.xml:29:13-78
150            android:exported="true"
150-->[com.google.firebase:firebase-messaging:22.0.0] AndroidManifest.xml:30:13-36
151            android:permission="com.google.android.c2dm.permission.SEND" >
151-->[com.google.firebase:firebase-messaging:22.0.0] AndroidManifest.xml:31:13-73
152            <intent-filter>
152-->[:firebase_messaging] AndroidManifest.xml:28:13-30:29
153                <action android:name="com.google.android.c2dm.intent.RECEIVE" />
153-->[:firebase_messaging] AndroidManifest.xml:29:17-81
153-->[:firebase_messaging] AndroidManifest.xml:29:25-78
154            </intent-filter>
155        </receiver>
156        <!--
157             FirebaseMessagingService performs security checks at runtime,
158             but set to not exported to explicitly avoid allowing another app to call it.
159        -->
160        <service
160-->[com.google.firebase:firebase-messaging:22.0.0] AndroidManifest.xml:41:9-48:19
161            android:name="com.google.firebase.messaging.FirebaseMessagingService"
161-->[com.google.firebase:firebase-messaging:22.0.0] AndroidManifest.xml:42:13-82
162            android:directBootAware="true"
162-->[com.google.firebase:firebase-messaging:22.0.0] AndroidManifest.xml:43:13-43
163            android:exported="false" >
163-->[com.google.firebase:firebase-messaging:22.0.0] AndroidManifest.xml:44:13-37
164            <intent-filter android:priority="-500" >
164-->[:firebase_messaging] AndroidManifest.xml:19:13-21:29
165                <action android:name="com.google.firebase.MESSAGING_EVENT" />
165-->[:firebase_messaging] AndroidManifest.xml:20:17-78
165-->[:firebase_messaging] AndroidManifest.xml:20:25-75
166            </intent-filter>
167        </service>
168
169        <provider
169-->[com.google.firebase:firebase-common:20.0.0] AndroidManifest.xml:26:9-31:39
170            android:name="com.google.firebase.provider.FirebaseInitProvider"
170-->[com.google.firebase:firebase-common:20.0.0] AndroidManifest.xml:27:13-77
171            android:authorities="com.sphinx.p2p.borrower.p2p_borrower.staging.firebaseinitprovider"
171-->[com.google.firebase:firebase-common:20.0.0] AndroidManifest.xml:28:13-72
172            android:directBootAware="true"
172-->[com.google.firebase:firebase-common:20.0.0] AndroidManifest.xml:29:13-43
173            android:exported="false"
173-->[com.google.firebase:firebase-common:20.0.0] AndroidManifest.xml:30:13-37
174            android:initOrder="100" />
174-->[com.google.firebase:firebase-common:20.0.0] AndroidManifest.xml:31:13-36
175
176        <receiver
176-->[com.google.android.gms:play-services-measurement:19.0.0] AndroidManifest.xml:29:9-33:20
177            android:name="com.google.android.gms.measurement.AppMeasurementReceiver"
177-->[com.google.android.gms:play-services-measurement:19.0.0] AndroidManifest.xml:30:13-85
178            android:enabled="true"
178-->[com.google.android.gms:play-services-measurement:19.0.0] AndroidManifest.xml:31:13-35
179            android:exported="false" >
179-->[com.google.android.gms:play-services-measurement:19.0.0] AndroidManifest.xml:32:13-37
180        </receiver>
181
182        <service
182-->[com.google.android.gms:play-services-measurement:19.0.0] AndroidManifest.xml:35:9-38:40
183            android:name="com.google.android.gms.measurement.AppMeasurementService"
183-->[com.google.android.gms:play-services-measurement:19.0.0] AndroidManifest.xml:36:13-84
184            android:enabled="true"
184-->[com.google.android.gms:play-services-measurement:19.0.0] AndroidManifest.xml:37:13-35
185            android:exported="false" />
185-->[com.google.android.gms:play-services-measurement:19.0.0] AndroidManifest.xml:38:13-37
186        <service
186-->[com.google.android.gms:play-services-measurement:19.0.0] AndroidManifest.xml:39:9-43:72
187            android:name="com.google.android.gms.measurement.AppMeasurementJobService"
187-->[com.google.android.gms:play-services-measurement:19.0.0] AndroidManifest.xml:40:13-87
188            android:enabled="true"
188-->[com.google.android.gms:play-services-measurement:19.0.0] AndroidManifest.xml:41:13-35
189            android:exported="false"
189-->[com.google.android.gms:play-services-measurement:19.0.0] AndroidManifest.xml:42:13-37
190            android:permission="android.permission.BIND_JOB_SERVICE" />
190-->[com.google.android.gms:play-services-measurement:19.0.0] AndroidManifest.xml:43:13-69
191
192        <meta-data
192-->[com.google.android.gms:play-services-basement:17.0.0] AndroidManifest.xml:23:9-25:69
193            android:name="com.google.android.gms.version"
193-->[com.google.android.gms:play-services-basement:17.0.0] AndroidManifest.xml:24:13-58
194            android:value="@integer/google_play_services_version" />
194-->[com.google.android.gms:play-services-basement:17.0.0] AndroidManifest.xml:25:13-66
195
196        <service
196-->[com.google.android.datatransport:transport-backend-cct:3.0.0] AndroidManifest.xml:29:9-35:19
197            android:name="com.google.android.datatransport.runtime.backends.TransportBackendDiscovery"
197-->[com.google.android.datatransport:transport-backend-cct:3.0.0] AndroidManifest.xml:30:13-103
198            android:exported="false" >
198-->[com.google.android.datatransport:transport-backend-cct:3.0.0] AndroidManifest.xml:31:13-37
199            <meta-data
199-->[com.google.android.datatransport:transport-backend-cct:3.0.0] AndroidManifest.xml:32:13-34:39
200                android:name="backend:com.google.android.datatransport.cct.CctBackendFactory"
200-->[com.google.android.datatransport:transport-backend-cct:3.0.0] AndroidManifest.xml:33:17-94
201                android:value="cct" />
201-->[com.google.android.datatransport:transport-backend-cct:3.0.0] AndroidManifest.xml:34:17-36
202        </service>
203        <service
203-->[com.google.android.datatransport:transport-runtime:3.0.0] AndroidManifest.xml:26:9-30:19
204            android:name="com.google.android.datatransport.runtime.scheduling.jobscheduling.JobInfoSchedulerService"
204-->[com.google.android.datatransport:transport-runtime:3.0.0] AndroidManifest.xml:27:13-117
205            android:exported="false"
205-->[com.google.android.datatransport:transport-runtime:3.0.0] AndroidManifest.xml:28:13-37
206            android:permission="android.permission.BIND_JOB_SERVICE" >
206-->[com.google.android.datatransport:transport-runtime:3.0.0] AndroidManifest.xml:29:13-69
207        </service>
208
209        <receiver
209-->[com.google.android.datatransport:transport-runtime:3.0.0] AndroidManifest.xml:32:9-34:40
210            android:name="com.google.android.datatransport.runtime.scheduling.jobscheduling.AlarmManagerSchedulerBroadcastReceiver"
210-->[com.google.android.datatransport:transport-runtime:3.0.0] AndroidManifest.xml:33:13-132
211            android:exported="false" />
211-->[com.google.android.datatransport:transport-runtime:3.0.0] AndroidManifest.xml:34:13-37
212    </application>
213
214</manifest>